c:\_dae_3\extra\heaven-3d\heaven-3d\x64\debug\vc143.pdb
c:\_dae_3\extra\heaven-3d\heaven-3d\x64\debug\vc143.idb
c:\_dae_3\extra\heaven-3d\heaven-3d\x64\debug\window.obj
c:\_dae_3\extra\heaven-3d\heaven-3d\x64\debug\vertexshader.obj
c:\_dae_3\extra\heaven-3d\heaven-3d\x64\debug\vertexbuffer.obj
c:\_dae_3\extra\heaven-3d\heaven-3d\x64\debug\texturemanager.obj
c:\_dae_3\extra\heaven-3d\heaven-3d\x64\debug\texture.obj
c:\_dae_3\extra\heaven-3d\heaven-3d\x64\debug\swapchain.obj
c:\_dae_3\extra\heaven-3d\heaven-3d\x64\debug\resourcemanager.obj
c:\_dae_3\extra\heaven-3d\heaven-3d\x64\debug\resource.obj
c:\_dae_3\extra\heaven-3d\heaven-3d\x64\debug\renderer.obj
c:\_dae_3\extra\heaven-3d\heaven-3d\x64\debug\pixelshader.obj
c:\_dae_3\extra\heaven-3d\heaven-3d\x64\debug\meshmanager.obj
c:\_dae_3\extra\heaven-3d\heaven-3d\x64\debug\mesh.obj
c:\_dae_3\extra\heaven-3d\heaven-3d\x64\debug\main.obj
c:\_dae_3\extra\heaven-3d\heaven-3d\x64\debug\inputsystem.obj
c:\_dae_3\extra\heaven-3d\heaven-3d\x64\debug\indexbuffer.obj
c:\_dae_3\extra\heaven-3d\heaven-3d\x64\debug\graphics.obj
c:\_dae_3\extra\heaven-3d\heaven-3d\x64\debug\devicecontext.obj
c:\_dae_3\extra\heaven-3d\heaven-3d\x64\debug\constantbuffer.obj
c:\_dae_3\extra\heaven-3d\heaven-3d\x64\debug\app.obj
c:\_dae_3\extra\heaven-3d\x64\debug\heaven-3d.exe
c:\_dae_3\extra\heaven-3d\heaven-3d\x64\debug\heaven-3d.ilk
c:\_dae_3\extra\heaven-3d\x64\debug\heaven-3d.pdb
c:\_dae_3\extra\heaven-3d\heaven-3d\x64\debug\heaven-3d.tlog\cl.command.1.tlog
c:\_dae_3\extra\heaven-3d\heaven-3d\x64\debug\heaven-3d.tlog\cl.read.1.tlog
c:\_dae_3\extra\heaven-3d\heaven-3d\x64\debug\heaven-3d.tlog\cl.write.1.tlog
c:\_dae_3\extra\heaven-3d\heaven-3d\x64\debug\heaven-3d.tlog\link.command.1.tlog
c:\_dae_3\extra\heaven-3d\heaven-3d\x64\debug\heaven-3d.tlog\link.read.1.tlog
c:\_dae_3\extra\heaven-3d\heaven-3d\x64\debug\heaven-3d.tlog\link.write.1.tlog
